<html>
<body>
<pre>
<h1>µVision Build Log</h1>
<h2>Tool Versions:</h2>
IDE-Version: µVision V5.41.0.0
Copyright (C) 2024 ARM Ltd and ARM Germany GmbH. All rights reserved.
License Information: Dow Cox, Tennessee Tech University, LIC=----
 
Tool Versions:
Toolchain:       MDK-Lite  Version: 5.41.0.0
Toolchain Path:  C:\Users\mrpat\AppData\Local\Keil_v5\ARM\ARMCLANG\Bin
C Compiler:      ArmClang.exe V6.22
Assembler:       Armasm.exe V6.22
Linker/Locator:  ArmLink.exe V6.22
Library Manager: ArmAr.exe V6.22
Hex Converter:   FromElf.exe V6.22
CPU DLL:         SARMCM3.DLL V5.41.0.0
Dialog DLL:      DCM.DLL V1.17.5.0
Target DLL:      UL2CM3.DLL V1.164.14.0
Dialog DLL:      TCM.DLL V1.56.4.0
 
<h2>Project:</h2>
C:\Users\mrpat\OneDrive\Documents\ECE3130\Hardware\ece3130_project\src\ece3130_project.uvprojx
Project File Date:  03/31/2025

<h2>Output:</h2>
*** Using Compiler 'V6.22', folder: 'C:\Users\mrpat\AppData\Local\Keil_v5\ARM\ARMCLANG\Bin'
Build target 'Target_1'
date.c(2): error: 'stm32l4xx_hal.h' file not found
    2 | #include "stm32l4xx_hal.h"
      |          ^~~~~~~~~~~~~~~~~
1 error generated.
compiling date.c...
async.c(4): warning: In file included from...
.\events.h(6): error: 'main.h' file not found
    6 | #include "main.h"
      |          ^~~~~~~~
1 error generated.
compiling async.c...
run.c(4): warning: In file included from...
.\events.h(6): error: 'main.h' file not found
    6 | #include "main.h"
      |          ^~~~~~~~
1 error generated.
compiling run.c...
events.c(4): warning: In file included from...
.\events.h(6): error: 'main.h' file not found
    6 | #include "main.h"
      |          ^~~~~~~~
1 error generated.
compiling events.c...
buzzer.c(5): error: 'stm32l4xx_hal.h' file not found
    5 | #include "stm32l4xx_hal.h"
      |          ^~~~~~~~~~~~~~~~~
1 error generated.
compiling buzzer.c...
keypad.c(1): error: 'stm32l4xx_hal.h' file not found
    1 | #include "stm32l4xx_hal.h"
      |          ^~~~~~~~~~~~~~~~~
1 error generated.
compiling keypad.c...
STM32CubeMX/Target_1/STM32CubeMX/Src/stm32l4xx_it.c(21): error: 'main.h' file not found
   21 | #include "main.h"
      |          ^~~~~~~~
1 error generated.
compiling stm32l4xx_it.c...
STM32CubeMX/Target_1/STM32CubeMX/Src/stm32l4xx_hal_msp.c(22): error: 'main.h' file not found
   22 | #include "main.h"
      |          ^~~~~~~~
1 error generated.
compiling stm32l4xx_hal_msp.c...
STM32CubeMX/Target_1/STM32CubeMX/Src/main.c(20): error: 'main.h' file not found
   20 | #include "main.h"
      |          ^~~~~~~~
1 error generated.
compiling main.c...
STM32CubeMX/Target_1/STM32CubeMX/Src/system_stm32l4xx.c(91): error: 'stm32l4xx.h' file not found
   91 | #include "stm32l4xx.h"
      |          ^~~~~~~~~~~~~
1 error generated.
compiling system_stm32l4xx.c...
lcd.c(1): error: 'stm32l4xx_hal.h' file not found
    1 | #include "stm32l4xx_hal.h"
      |          ^~~~~~~~~~~~~~~~~
1 error generated.
compiling lcd.c...
".\Objects\buzzer_test.axf" - 11 Error(s), 0 Warning(s).

<h2>Software Packages used:</h2>

Package Vendor: Keil
                https://www.keil.com/pack/Keil.STM32L4xx_DFP.3.0.0.pack
                Keil::STM32L4xx_DFP@3.0.0
                STMicroelectronics STM32L4 Series Device Support

<h2>Collection of Component include folders:</h2>

<h2>Collection of Component Files used:</h2>
Target not created.
Build Time Elapsed:  00:00:01
</pre>
</body>
</html>
